<?xml version="1.0" encoding="UTF-8"?>
<testng-results skipped="0" failed="0" ignored="0" total="1" passed="1">
  <reporter-output>
  </reporter-output>
  <suite name="Default suite" duration-ms="56" started-at="2023-07-02T19:47:49 IST" finished-at="2023-07-02T19:47:49 IST">
    <groups>
    </groups>
    <test name="Default test" duration-ms="56" started-at="2023-07-02T19:47:49 IST" finished-at="2023-07-02T19:47:49 IST">
      <class name="javapackage.TestNG1">
        <test-method status="PASS" signature="b()[pri:0, instance:javapackage.TestNG1@59e5ddf]" name="b" is-config="true" duration-ms="10" started-at="2023-07-02T19:47:49 IST" finished-at="2023-07-02T19:47:49 IST">
          <reporter-output>
          </reporter-output>
        </test-method> <!-- b -->
        <test-method status="PASS" signature="a2()[pri:0, instance:javapackage.TestNG1@59e5ddf]" name="a2" duration-ms="8" started-at="2023-07-02T19:47:49 IST" finished-at="2023-07-02T19:47:49 IST">
          <reporter-output>
          </reporter-output>
        </test-method> <!-- a2 -->
      </class> <!-- javapackage.TestNG1 -->
    </test> <!-- Default test -->
  </suite> <!-- Default suite -->
</testng-results>
